This is pdfTeX, Version 3.141592653-2.6-1.40.25 (TeX Live 2023/Arch Linux) (preloaded format=pdflatex 2023.3.29)  30 MAR 2023 08:24
entering extended mode
 restricted \write18 enabled.
 file:line:error style messages enabled.
 %&-line parsing enabled.
**"/home/joshieadalid/Documentos/Semestre 2023-02/ADS/Rediseño Tarea2/cdt-templates-master/Templates/CDT-Analysis/ejemplo.tex"
(/home/joshieadalid/Documentos/Semestre 2023-02/ADS/Rediseño Tarea2/cdt-templates-master/Templates/CDT-Analysis/ejemplo.tex
LaTeX2e <2022-11-01> patch level 1
L3 programming layer <2023-02-22> (/usr/share/texmf-dist/tex/latex/base/book.cls
Document Class: book 2022/07/02 v1.4n Standard LaTeX document class
(/usr/share/texmf-dist/tex/latex/base/bk10.clo
File: bk10.clo 2022/07/02 v1.4n Standard LaTeX file (size option)
)
\c@part=\count185
\c@chapter=\count186
\c@section=\count187
\c@subsection=\count188
\c@subsubsection=\count189
\c@paragraph=\count190
\c@subparagraph=\count191
\c@figure=\count192
\c@table=\count193
\abovecaptionskip=\skip48
\belowcaptionskip=\skip49
\bibindent=\dimen140
) (./cdtUsecases.sty (./cdtRequerimientos.sty (./cdtBook.sty
Package: cdtBook 2010/05/30, v1.0 CDT-ESCOM-IPN Plantilla para reportes de la Coordinación
 (/usr/share/texmf-dist/tex/latex/base/inputenc.sty
Package: inputenc 2021/02/14 v1.3d Input encoding file
\inpenc@prehook=\toks16
\inpenc@posthook=\toks17
) (/usr/share/texmf-dist/tex/generic/babel/babel.sty
Package: babel 2023/02/13 3.86 The Babel package
\babel@savecnt=\count194
\U@D=\dimen141
\l@unhyphenated=\language87
 (/usr/share/texmf-dist/tex/generic/babel/txtbabel.def)
\bbl@readstream=\read2
\bbl@dirlevel=\count195
 (/usr/share/texmf-dist/tex/generic/babel-spanish/spanish.ldf
Language: spanish.ldf 2021/05/27 v5.0q Spanish support from the babel system
\es@quottoks=\toks18
\es@quotdepth=\count196
Package babel Info: Making " an active character on input line 570.
Package babel Info: Making . an active character on input line 675.
Package babel Info: Making < an active character on input line 722.
Package babel Info: Making > an active character on input line 722.
)) (/usr/share/texmf-dist/tex/generic/babel/locale/es/babel-spanish.tex
Package babel Info: Importing font and identification data for spanish
(babel)             from babel-es.ini. Reported on input line 11.
) (/usr/share/texmf-dist/tex/latex/cmbright/cmbright.sty
Package: cmbright 2005/04/13 v8.1 (WaS)
LaTeX Font Info:    Redeclaring symbol font `operators' on input line 29.
LaTeX Font Info:    Overwriting symbol font `operators' in version `normal'
(Font)                  OT1/cmr/m/n --> OT1/cmbr/m/n on input line 29.
LaTeX Font Info:    Overwriting symbol font `operators' in version `bold'
(Font)                  OT1/cmr/bx/n --> OT1/cmbr/m/n on input line 29.
LaTeX Font Info:    Redeclaring symbol font `letters' on input line 30.
LaTeX Font Info:    Overwriting symbol font `letters' in version `normal'
(Font)                  OML/cmm/m/it --> OML/cmbrm/m/it on input line 30.
LaTeX Font Info:    Overwriting symbol font `letters' in version `bold'
(Font)                  OML/cmm/b/it --> OML/cmbrm/m/it on input line 30.
LaTeX Font Info:    Overwriting symbol font `letters' in version `bold'
(Font)                  OML/cmbrm/m/it --> OML/cmbrm/b/it on input line 31.
LaTeX Font Info:    Redeclaring symbol font `symbols' on input line 32.
LaTeX Font Info:    Overwriting symbol font `symbols' in version `normal'
(Font)                  OMS/cmsy/m/n --> OMS/cmbrs/m/n on input line 32.
LaTeX Font Info:    Overwriting symbol font `symbols' in version `bold'
(Font)                  OMS/cmsy/b/n --> OMS/cmbrs/m/n on input line 32.
LaTeX Font Info:    Redeclaring math alphabet \mathit on input line 33.
LaTeX Font Info:    Overwriting math alphabet `\mathit' in version `normal'
(Font)                  OT1/cmr/m/it --> OT1/cmbr/m/sl on input line 33.
LaTeX Font Info:    Overwriting math alphabet `\mathit' in version `bold'
(Font)                  OT1/cmr/bx/it --> OT1/cmbr/m/sl on input line 33.
LaTeX Font Info:    Redeclaring math alphabet \mathbf on input line 34.
LaTeX Font Info:    Overwriting math alphabet `\mathbf' in version `normal'
(Font)                  OT1/cmr/bx/n --> OT1/cmbr/bx/n on input line 34.
LaTeX Font Info:    Overwriting math alphabet `\mathbf' in version `bold'
(Font)                  OT1/cmr/bx/n --> OT1/cmbr/bx/n on input line 34.
LaTeX Font Info:    Redeclaring math alphabet \mathtt on input line 35.
LaTeX Font Info:    Overwriting math alphabet `\mathtt' in version `normal'
(Font)                  OT1/cmtt/m/n --> OT1/cmtl/m/n on input line 35.
LaTeX Font Info:    Overwriting math alphabet `\mathtt' in version `bold'
(Font)                  OT1/cmtt/m/n --> OT1/cmtl/m/n on input line 35.
LaTeX Font Info:    Redeclaring math symbol \alpha on input line 37.
LaTeX Font Info:    Redeclaring math symbol \beta on input line 38.
LaTeX Font Info:    Redeclaring math symbol \gamma on input line 39.
LaTeX Font Info:    Redeclaring math symbol \delta on input line 40.
LaTeX Font Info:    Redeclaring math symbol \epsilon on input line 41.
LaTeX Font Info:    Redeclaring math symbol \zeta on input line 42.
LaTeX Font Info:    Redeclaring math symbol \eta on input line 43.
LaTeX Font Info:    Redeclaring math symbol \theta on input line 44.
LaTeX Font Info:    Redeclaring math symbol \iota on input line 45.
LaTeX Font Info:    Redeclaring math symbol \kappa on input line 46.
LaTeX Font Info:    Redeclaring math symbol \lambda on input line 47.
LaTeX Font Info:    Redeclaring math symbol \mu on input line 48.
LaTeX Font Info:    Redeclaring math symbol \nu on input line 49.
LaTeX Font Info:    Redeclaring math symbol \xi on input line 50.
LaTeX Font Info:    Redeclaring math symbol \pi on input line 51.
LaTeX Font Info:    Redeclaring math symbol \rho on input line 52.
LaTeX Font Info:    Redeclaring math symbol \sigma on input line 53.
LaTeX Font Info:    Redeclaring math symbol \tau on input line 54.
LaTeX Font Info:    Redeclaring math symbol \upsilon on input line 55.
LaTeX Font Info:    Redeclaring math symbol \phi on input line 56.
LaTeX Font Info:    Redeclaring math symbol \chi on input line 57.
LaTeX Font Info:    Redeclaring math symbol \psi on input line 58.
LaTeX Font Info:    Redeclaring math symbol \omega on input line 59.
LaTeX Font Info:    Redeclaring math symbol \varepsilon on input line 60.
LaTeX Font Info:    Redeclaring math symbol \vartheta on input line 61.
LaTeX Font Info:    Redeclaring math symbol \varpi on input line 62.
LaTeX Font Info:    Redeclaring math symbol \varrho on input line 63.
LaTeX Font Info:    Redeclaring math symbol \varsigma on input line 64.
LaTeX Font Info:    Redeclaring math symbol \varphi on input line 65.
LaTeX Info: Redefining \LaTeX on input line 129.
LaTeX Info: Redefining \LaTeXe on input line 139.
LaTeX Font Info:    Trying to load font information for OT1+cmbr on input line 144.
 (/usr/share/texmf-dist/tex/latex/cmbright/ot1cmbr.fd
File: ot1cmbr.fd 2005/04/13 v8.1 (WaS)
)) (/usr/share/texmf-dist/tex/latex/graphics/graphicx.sty
Package: graphicx 2021/09/16 v1.2d Enhanced LaTeX Graphics (DPC,SPQR)
 (/usr/share/texmf-dist/tex/latex/graphics/keyval.sty
Package: keyval 2022/05/29 v1.15 key=value parser (DPC)
\KV@toks@=\toks19
) (/usr/share/texmf-dist/tex/latex/graphics/graphics.sty
Package: graphics 2022/03/10 v1.4e Standard LaTeX Graphics (DPC,SPQR)
 (/usr/share/texmf-dist/tex/latex/graphics/trig.sty
Package: trig 2021/08/11 v1.11 sin cos tan (DPC)
) (/usr/share/texmf-dist/tex/latex/graphics-cfg/graphics.cfg
File: graphics.cfg 2016/06/04 v1.11 sample graphics configuration
)
Package graphics Info: Driver file: pdftex.def on input line 107.
 (/usr/share/texmf-dist/tex/latex/graphics-def/pdftex.def
File: pdftex.def 2022/09/22 v1.2b Graphics/color driver for pdftex
))
\Gin@req@height=\dimen142
\Gin@req@width=\dimen143
) (/usr/share/texmf-dist/tex/latex/graphics/color.sty
Package: color 2022/01/06 v1.3d Standard LaTeX Color (DPC)
 (/usr/share/texmf-dist/tex/latex/graphics-cfg/color.cfg
File: color.cfg 2016/01/02 v1.6 sample color configuration
)
Package color Info: Driver file: pdftex.def on input line 149.
 (/usr/share/texmf-dist/tex/latex/graphics/dvipsnam.def
File: dvipsnam.def 2016/06/17 v3.0m Driver-dependent file (DPC,SPQR)
) (/usr/share/texmf-dist/tex/latex/graphics/mathcolor.ltx)) (/usr/share/texmf-dist/tex/latex/wallpaper/wallpaper.sty
Package: wallpaper 2005/01/18, v1.01 easy wallpaper formatting (MHFW)
 (/usr/share/texmf-dist/tex/latex/base/ifthen.sty
Package: ifthen 2022/04/13 v1.1d Standard LaTeX ifthen package (DPC)
) (/usr/share/texmf-dist/tex/latex/tools/calc.sty
Package: calc 2017/05/25 v4.3 Infix arithmetic (KKT,FJ)
\calc@Acount=\count197
\calc@Bcount=\count198
\calc@Adimen=\dimen144
\calc@Bdimen=\dimen145
\calc@Askip=\skip50
\calc@Bskip=\skip51
LaTeX Info: Redefining \setlength on input line 80.
LaTeX Info: Redefining \addtolength on input line 81.
\calc@Ccount=\count199
\calc@Cskip=\skip52
) (/usr/share/texmf-dist/tex/latex/eso-pic/eso-pic.sty
Package: eso-pic 2020/10/14 v3.0a eso-pic (RN)
\ESO@tempdima=\dimen146
\ESO@tempdimb=\dimen147
)
\wpXoffset=\skip53
\wpYoffset=\skip54
\tileXoffset=\skip55
\tileYoffset=\skip56
\tilewidth=\skip57
\tileheight=\skip58
\tileX=\skip59
\tileY=\skip60
) (/usr/share/texmf-dist/tex/latex/fancyhdr/fancyhdr.sty
Package: fancyhdr 2022/11/09 v4.1 Extensive control of page headers and footers
\f@nch@headwidth=\skip61
\f@nch@O@elh=\skip62
\f@nch@O@erh=\skip63
\f@nch@O@olh=\skip64
\f@nch@O@orh=\skip65
\f@nch@O@elf=\skip66
\f@nch@O@erf=\skip67
\f@nch@O@olf=\skip68
\f@nch@O@orf=\skip69
) (/usr/share/texmf-dist/tex/latex/geometry/geometry.sty
Package: geometry 2020/01/02 v5.9 Page Geometry
 (/usr/share/texmf-dist/tex/generic/iftex/ifvtex.sty
Package: ifvtex 2019/10/25 v1.7 ifvtex legacy package. Use iftex instead.
 (/usr/share/texmf-dist/tex/generic/iftex/iftex.sty
Package: iftex 2022/02/03 v1.0f TeX engine tests
))
\Gm@cnth=\count266
\Gm@cntv=\count267
\c@Gm@tempcnt=\count268
\Gm@bindingoffset=\dimen148
\Gm@wd@mp=\dimen149
\Gm@odd@mp=\dimen150
\Gm@even@mp=\dimen151
\Gm@layoutwidth=\dimen152
\Gm@layoutheight=\dimen153
\Gm@layouthoffset=\dimen154
\Gm@layoutvoffset=\dimen155
\Gm@dimlist=\toks20
) (/usr/share/texmf-dist/tex/latex/fncychap/fncychap.sty
Package: fncychap 2007/07/30 v1.34 LaTeX package (Revised chapters)
\RW=\skip70
\mylen=\skip71
\myhi=\skip72
\px=\skip73
\py=\skip74
\pyy=\skip75
\pxx=\skip76
) (/usr/share/texmf-dist/tex/latex/marvosym/marvosym.sty
Package: marvosym 2011/07/20 v2.2 Martin Vogel's Symbols font definitions
)) (/usr/share/texmf-dist/tex/latex/tools/longtable.sty
Package: longtable 2021-09-01 v4.17 Multi-page Table package (DPC)
\LTleft=\skip77
\LTright=\skip78
\LTpre=\skip79
\LTpost=\skip80
\LTchunksize=\count269
\LTcapwidth=\dimen156
\LT@head=\box51
\LT@firsthead=\box52
\LT@foot=\box53
\LT@lastfoot=\box54
\LT@gbox=\box55
\LT@cols=\count270
\LT@rows=\count271
\c@LT@tables=\count272
\c@LT@chunks=\count273
\LT@p@ftn=\toks21
) (/usr/share/texmf-dist/tex/latex/hyperref/hyperref.sty
Package: hyperref 2023-02-07 v7.00v Hypertext links for LaTeX
 (/usr/share/texmf-dist/tex/generic/ltxcmds/ltxcmds.sty
Package: ltxcmds 2020-05-10 v1.25 LaTeX kernel commands for general use (HO)
) (/usr/share/texmf-dist/tex/generic/pdftexcmds/pdftexcmds.sty
Package: pdftexcmds 2020-06-27 v0.33 Utility functions of pdfTeX for LuaTeX (HO)
 (/usr/share/texmf-dist/tex/generic/infwarerr/infwarerr.sty
Package: infwarerr 2019/12/03 v1.5 Providing info/warning/error messages (HO)
)
Package pdftexcmds Info: \pdf@primitive is available.
Package pdftexcmds Info: \pdf@ifprimitive is available.
Package pdftexcmds Info: \pdfdraftmode found.
) (/usr/share/texmf-dist/tex/latex/kvsetkeys/kvsetkeys.sty
Package: kvsetkeys 2022-10-05 v1.19 Key value parser (HO)
) (/usr/share/texmf-dist/tex/generic/kvdefinekeys/kvdefinekeys.sty
Package: kvdefinekeys 2019-12-19 v1.6 Define keys (HO)
) (/usr/share/texmf-dist/tex/generic/pdfescape/pdfescape.sty
Package: pdfescape 2019/12/09 v1.15 Implements pdfTeX's escape features (HO)
) (/usr/share/texmf-dist/tex/latex/hycolor/hycolor.sty
Package: hycolor 2020-01-27 v1.10 Color options for hyperref/bookmark (HO)
) (/usr/share/texmf-dist/tex/latex/letltxmacro/letltxmacro.sty
Package: letltxmacro 2019/12/03 v1.6 Let assignment for LaTeX macros (HO)
) (/usr/share/texmf-dist/tex/latex/auxhook/auxhook.sty
Package: auxhook 2019-12-17 v1.6 Hooks for auxiliary files (HO)
) (/usr/share/texmf-dist/tex/latex/hyperref/nameref.sty
Package: nameref 2022-05-17 v2.50 Cross-referencing by name of section
 (/usr/share/texmf-dist/tex/latex/refcount/refcount.sty
Package: refcount 2019/12/15 v3.6 Data extraction from label references (HO)
) (/usr/share/texmf-dist/tex/generic/gettitlestring/gettitlestring.sty
Package: gettitlestring 2019/12/15 v1.6 Cleanup title references (HO)
 (/usr/share/texmf-dist/tex/latex/kvoptions/kvoptions.sty
Package: kvoptions 2022-06-15 v3.15 Key value format for package options (HO)
))
\c@section@level=\count274
)
\@linkdim=\dimen157
\Hy@linkcounter=\count275
\Hy@pagecounter=\count276
 (/usr/share/texmf-dist/tex/latex/hyperref/pd1enc.def
File: pd1enc.def 2023-02-07 v7.00v Hyperref: PDFDocEncoding definition (HO)
Now handling font encoding PD1 ...
... no UTF-8 mapping file for font encoding PD1
) (/usr/share/texmf-dist/tex/generic/intcalc/intcalc.sty
Package: intcalc 2019/12/15 v1.3 Expandable calculations with integers (HO)
) (/usr/share/texmf-dist/tex/generic/etexcmds/etexcmds.sty
Package: etexcmds 2019/12/15 v1.7 Avoid name clashes with e-TeX commands (HO)
)
\Hy@SavedSpaceFactor=\count277
 (/usr/share/texmf-dist/tex/latex/hyperref/puenc.def
File: puenc.def 2023-02-07 v7.00v Hyperref: PDF Unicode definition (HO)
Now handling font encoding PU ...
... no UTF-8 mapping file for font encoding PU
)
Package hyperref Info: Option `bookmarks' set `true' on input line 4060.
Package hyperref Info: Option `colorlinks' set `true' on input line 4060.
Package hyperref Info: Hyper figures OFF on input line 4177.
Package hyperref Info: Link nesting OFF on input line 4182.
Package hyperref Info: Hyper index ON on input line 4185.
Package hyperref Info: Plain pages OFF on input line 4192.
Package hyperref Info: Backreferencing OFF on input line 4197.
Package hyperref Info: Implicit mode ON; LaTeX internals redefined.
Package hyperref Info: Bookmarks ON on input line 4425.
\c@Hy@tempcnt=\count278
 (/usr/share/texmf-dist/tex/latex/url/url.sty
\Urlmuskip=\muskip16
Package: url 2013/09/16  ver 3.4  Verb mode for urls, etc.
)
LaTeX Info: Redefining \url on input line 4763.
\XeTeXLinkMargin=\dimen158
 (/usr/share/texmf-dist/tex/generic/bitset/bitset.sty
Package: bitset 2019/12/09 v1.3 Handle bit-vector datatype (HO)
 (/usr/share/texmf-dist/tex/generic/bigintcalc/bigintcalc.sty
Package: bigintcalc 2019/12/15 v1.5 Expandable calculations on big integers (HO)
))
\Fld@menulength=\count279
\Field@Width=\dimen159
\Fld@charsize=\dimen160
Package hyperref Info: Hyper figures OFF on input line 6042.
Package hyperref Info: Link nesting OFF on input line 6047.
Package hyperref Info: Hyper index ON on input line 6050.
Package hyperref Info: backreferencing OFF on input line 6057.
Package hyperref Info: Link coloring ON on input line 6060.
Package hyperref Info: Link coloring with OCG OFF on input line 6067.
Package hyperref Info: PDF/A mode OFF on input line 6072.
 (/usr/share/texmf-dist/tex/latex/base/atbegshi-ltx.sty
Package: atbegshi-ltx 2021/01/10 v1.0c Emulation of the original atbegshi
package with kernel methods
)
\Hy@abspage=\count280
\c@Item=\count281
\c@Hfootnote=\count282
)
Package hyperref Info: Driver: hpdftex.
 (/usr/share/texmf-dist/tex/latex/hyperref/hpdftex.def
File: hpdftex.def 2023-02-07 v7.00v Hyperref driver for pdfTeX
 (/usr/share/texmf-dist/tex/latex/base/atveryend-ltx.sty
Package: atveryend-ltx 2020/08/19 v1.0a Emulation of the original atveryend package
with kernel methods
)
\Fld@listcount=\count283
\c@bookmark@seq@number=\count284
 (/usr/share/texmf-dist/tex/latex/rerunfilecheck/rerunfilecheck.sty
Package: rerunfilecheck 2022-07-10 v1.10 Rerun checks for auxiliary files (HO)
 (/usr/share/texmf-dist/tex/generic/uniquecounter/uniquecounter.sty
Package: uniquecounter 2019/12/15 v1.4 Provide unlimited unique counter (HO)
)
Package uniquecounter Info: New unique counter `rerunfilecheck' on input line 285.
)
\Hy@SectionHShift=\skip81
) (/usr/share/texmf-dist/tex/latex/amsfonts/amssymb.sty
Package: amssymb 2013/01/14 v3.01 AMS font symbols
 (/usr/share/texmf-dist/tex/latex/amsfonts/amsfonts.sty
Package: amsfonts 2013/01/14 v3.01 Basic AMSFonts support
\@emptytoks=\toks22
\symAMSa=\mathgroup4
\symAMSb=\mathgroup5
LaTeX Font Info:    Redeclaring math symbol \hbar on input line 98.
LaTeX Font Info:    Overwriting math alphabet `\mathfrak' in version `bold'
(Font)                  U/euf/m/n --> U/euf/b/n on input line 106.
)) (/usr/share/texmf-dist/tex/latex/colortbl/colortbl.sty
Package: colortbl 2022/06/20 v1.0f Color table columns (DPC)
 (/usr/share/texmf-dist/tex/latex/tools/array.sty
Package: array 2022/09/04 v2.5g Tabular extension package (FMi)
\col@sep=\dimen161
\ar@mcellbox=\box56
\extrarowheight=\dimen162
\NC@list=\toks23
\extratabsurround=\skip82
\backup@length=\skip83
\ar@cellbox=\box57
)
\everycr=\toks24
\minrowclearance=\skip84
\rownum=\count285
) (/usr/share/texmf-dist/tex/latex/multirow/multirow.sty
Package: multirow 2021/03/15 v2.8 Span multiple rows of a table
\multirow@colwidth=\skip85
\multirow@cntb=\count286
\multirow@dima=\skip86
\bigstrutjot=\dimen163
)) (/usr/share/texmf-dist/tex/latex/chapterfolder/chapterfolder.sty
Package: chapterfolder 2005/11/24 v2.0 Package for dealing with folder
\c@@cf@currentpos=\count287
) (/usr/share/texmf-dist/tex/latex/listings/listings.sty
\lst@mode=\count288
\lst@gtempboxa=\box58
\lst@token=\toks25
\lst@length=\count289
\lst@currlwidth=\dimen164
\lst@column=\count290
\lst@pos=\count291
\lst@lostspace=\dimen165
\lst@width=\dimen166
\lst@newlines=\count292
\lst@lineno=\count293
\lst@maxwidth=\dimen167
 (/usr/share/texmf-dist/tex/latex/listings/lstmisc.sty
File: lstmisc.sty 2023/02/27 1.9 (Carsten Heinz)
\c@lstnumber=\count294
\lst@skipnumbers=\count295
\lst@framebox=\box59
) (/usr/share/texmf-dist/tex/latex/listings/listings.cfg
File: listings.cfg 2023/02/27 1.9 listings configuration
))
Package: listings 2023/02/27 1.9 (Carsten Heinz)
 (/usr/share/texmf-dist/tex/latex/keystroke/keystroke.sty
Package: keystroke 2010/04/23 v1.6 3D keystrokes (SuSE GmbH/RN)
\suse@key=\box60
\keystroke@left=\box61
\keystroke@right=\box62
\keystroke@middle=\box63
<keystroke_left.pdf, id=1, 42.1575pt x 195.73125pt>
File: keystroke_left.pdf Graphic file (type pdf)
<use keystroke_left.pdf>
Package pdftex.def Info: keystroke_left.pdf  used on input line 171.
(pdftex.def)             Requested size: 42.15738pt x 195.73076pt.
<keystroke_middle.pdf, id=2, 116.435pt x 195.73125pt>
File: keystroke_middle.pdf Graphic file (type pdf)
<use keystroke_middle.pdf>
Package pdftex.def Info: keystroke_middle.pdf  used on input line 172.
(pdftex.def)             Requested size: 116.43471pt x 195.73076pt.
<keystroke_right.pdf, id=3, 42.1575pt x 195.73125pt>
File: keystroke_right.pdf Graphic file (type pdf)
<use keystroke_right.pdf>
Package pdftex.def Info: keystroke_right.pdf  used on input line 173.
(pdftex.def)             Requested size: 42.15738pt x 195.73076pt.
) (/usr/share/texmf-dist/tex/latex/pgf/utilities/pgfkeys.sty (/usr/share/texmf-dist/tex/generic/pgf/utilities/pgfkeys.code.tex
\pgfkeys@pathtoks=\toks26
\pgfkeys@temptoks=\toks27
 (/usr/share/texmf-dist/tex/generic/pgf/utilities/pgfkeyslibraryfiltered.code.tex
\pgfkeys@tmptoks=\toks28
)))) (/usr/share/texmf-dist/tex/latex/txfonts/txfonts.sty
Package: txfonts 2008/01/22 v3.2.1
LaTeX Font Info:    Redeclaring symbol font `operators' on input line 21.
LaTeX Font Info:    Overwriting symbol font `operators' in version `normal'
(Font)                  OT1/cmbr/m/n --> OT1/txr/m/n on input line 21.
LaTeX Font Info:    Overwriting symbol font `operators' in version `bold'
(Font)                  OT1/cmbr/m/n --> OT1/txr/m/n on input line 21.
LaTeX Font Info:    Overwriting symbol font `operators' in version `bold'
(Font)                  OT1/txr/m/n --> OT1/txr/bx/n on input line 22.
\symitalic=\mathgroup6
LaTeX Font Info:    Overwriting symbol font `italic' in version `bold'
(Font)                  OT1/txr/m/it --> OT1/txr/bx/it on input line 26.
LaTeX Font Info:    Redeclaring math alphabet \mathbf on input line 29.
LaTeX Font Info:    Overwriting math alphabet `\mathbf' in version `normal'
(Font)                  OT1/cmbr/bx/n --> OT1/txr/bx/n on input line 29.
LaTeX Font Info:    Overwriting math alphabet `\mathbf' in version `bold'
(Font)                  OT1/cmbr/bx/n --> OT1/txr/bx/n on input line 29.
LaTeX Font Info:    Redeclaring math alphabet \mathit on input line 30.
LaTeX Font Info:    Overwriting math alphabet `\mathit' in version `normal'
(Font)                  OT1/cmbr/m/sl --> OT1/txr/m/it on input line 30.
LaTeX Font Info:    Overwriting math alphabet `\mathit' in version `bold'
(Font)                  OT1/cmbr/m/sl --> OT1/txr/m/it on input line 30.
LaTeX Font Info:    Overwriting math alphabet `\mathit' in version `bold'
(Font)                  OT1/txr/m/it --> OT1/txr/bx/it on input line 31.
LaTeX Font Info:    Redeclaring math alphabet \mathsf on input line 40.
LaTeX Font Info:    Overwriting math alphabet `\mathsf' in version `normal'
(Font)                  OT1/cmss/m/n --> OT1/txss/m/n on input line 40.
LaTeX Font Info:    Overwriting math alphabet `\mathsf' in version `bold'
(Font)                  OT1/cmss/bx/n --> OT1/txss/m/n on input line 40.
LaTeX Font Info:    Overwriting math alphabet `\mathsf' in version `bold'
(Font)                  OT1/txss/m/n --> OT1/txss/b/n on input line 41.
LaTeX Font Info:    Redeclaring math alphabet \mathtt on input line 50.
LaTeX Font Info:    Overwriting math alphabet `\mathtt' in version `normal'
(Font)                  OT1/cmtl/m/n --> OT1/txtt/m/n on input line 50.
LaTeX Font Info:    Overwriting math alphabet `\mathtt' in version `bold'
(Font)                  OT1/cmtl/m/n --> OT1/txtt/m/n on input line 50.
LaTeX Font Info:    Overwriting math alphabet `\mathtt' in version `bold'
(Font)                  OT1/txtt/m/n --> OT1/txtt/b/n on input line 51.
LaTeX Font Info:    Redeclaring symbol font `letters' on input line 58.
LaTeX Font Info:    Overwriting symbol font `letters' in version `normal'
(Font)                  OML/cmbrm/m/it --> OML/txmi/m/it on input line 58.
LaTeX Font Info:    Overwriting symbol font `letters' in version `bold'
(Font)                  OML/cmbrm/b/it --> OML/txmi/m/it on input line 58.
LaTeX Font Info:    Overwriting symbol font `letters' in version `bold'
(Font)                  OML/txmi/m/it --> OML/txmi/bx/it on input line 59.
\symlettersA=\mathgroup7
LaTeX Font Info:    Overwriting symbol font `lettersA' in version `bold'
(Font)                  U/txmia/m/it --> U/txmia/bx/it on input line 67.
LaTeX Font Info:    Redeclaring math alphabet \mathfrak on input line 70.
LaTeX Font Info:    Redeclaring symbol font `symbols' on input line 77.
LaTeX Font Info:    Overwriting symbol font `symbols' in version `normal'
(Font)                  OMS/cmbrs/m/n --> OMS/txsy/m/n on input line 77.
LaTeX Font Info:    Overwriting symbol font `symbols' in version `bold'
(Font)                  OMS/cmbrs/m/n --> OMS/txsy/m/n on input line 77.
LaTeX Font Info:    Overwriting symbol font `symbols' in version `bold'
(Font)                  OMS/txsy/m/n --> OMS/txsy/bx/n on input line 78.
LaTeX Font Info:    Redeclaring symbol font `AMSa' on input line 93.
LaTeX Font Info:    Overwriting symbol font `AMSa' in version `normal'
(Font)                  U/msa/m/n --> U/txsya/m/n on input line 93.
LaTeX Font Info:    Overwriting symbol font `AMSa' in version `bold'
(Font)                  U/msa/m/n --> U/txsya/m/n on input line 93.
LaTeX Font Info:    Overwriting symbol font `AMSa' in version `bold'
(Font)                  U/txsya/m/n --> U/txsya/bx/n on input line 94.
LaTeX Font Info:    Redeclaring symbol font `AMSb' on input line 102.
LaTeX Font Info:    Overwriting symbol font `AMSb' in version `normal'
(Font)                  U/msb/m/n --> U/txsyb/m/n on input line 102.
LaTeX Font Info:    Overwriting symbol font `AMSb' in version `bold'
(Font)                  U/msb/m/n --> U/txsyb/m/n on input line 102.
LaTeX Font Info:    Overwriting symbol font `AMSb' in version `bold'
(Font)                  U/txsyb/m/n --> U/txsyb/bx/n on input line 103.
\symsymbolsC=\mathgroup8
LaTeX Font Info:    Overwriting symbol font `symbolsC' in version `bold'
(Font)                  U/txsyc/m/n --> U/txsyc/bx/n on input line 113.
LaTeX Font Info:    Redeclaring symbol font `largesymbols' on input line 120.
LaTeX Font Info:    Overwriting symbol font `largesymbols' in version `normal'
(Font)                  OMX/cmex/m/n --> OMX/txex/m/n on input line 120.
LaTeX Font Info:    Overwriting symbol font `largesymbols' in version `bold'
(Font)                  OMX/cmex/m/n --> OMX/txex/m/n on input line 120.
LaTeX Font Info:    Overwriting symbol font `largesymbols' in version `bold'
(Font)                  OMX/txex/m/n --> OMX/txex/bx/n on input line 121.
\symlargesymbolsA=\mathgroup9
LaTeX Font Info:    Overwriting symbol font `largesymbolsA' in version `bold'
(Font)                  U/txexa/m/n --> U/txexa/bx/n on input line 129.
LaTeX Font Info:    Redeclaring math symbol \mathsterling on input line 164.
LaTeX Info: Redefining \not on input line 1043.
)
LaTeX Font Info:    Trying to load font information for OT1+txss on input line 12.
 (/usr/share/texmf-dist/tex/latex/txfonts/ot1txss.fd
File: ot1txss.fd 2000/12/15 v3.1
)
LaTeX Font Info:    Font shape `OT1/txss/m/n' will be
(Font)              scaled to size 9.49997pt on input line 12.
 (/usr/share/texmf-dist/tex/latex/l3backend/l3backend-pdftex.def
File: l3backend-pdftex.def 2023-01-16 L3 backend support: PDF output (pdfTeX)
\l__color_backend_stack_int=\count296
\l__pdf_internal_box=\box64
) (./ejemplo.aux
LaTeX Info: Redefining \. on input line 22.
LaTeX Info: Redefining \% on input line 22.
 (./projectCharter.aux) (./1introduccion.aux) (./2ModeloDelAlcance.aux

LaTeX Warning: Label `tbl:reqFunc' multiply defined.

) (./3ModeloDelNegocio.aux) (./4ModeloDinamico.aux) (./5ModeloDeInteraccion.aux))
\openout1 = `ejemplo.aux'.

LaTeX Font Info:    Checking defaults for OML/txmi/m/it on input line 12.
LaTeX Font Info:    Trying to load font information for OML+txmi on input line 12.
 (/usr/share/texmf-dist/tex/latex/txfonts/omltxmi.fd
File: omltxmi.fd 2000/12/15 v3.1
)
LaTeX Font Info:    ... okay on input line 12.
LaTeX Font Info:    Checking defaults for OMS/txsy/m/n on input line 12.
LaTeX Font Info:    Trying to load font information for OMS+txsy on input line 12.
 (/usr/share/texmf-dist/tex/latex/txfonts/omstxsy.fd
File: omstxsy.fd 2000/12/15 v3.1
)
LaTeX Font Info:    ... okay on input line 12.
LaTeX Font Info:    Checking defaults for OT1/cmr/m/n on input line 12.
LaTeX Font Info:    ... okay on input line 12.
LaTeX Font Info:    Checking defaults for T1/cmr/m/n on input line 12.
LaTeX Font Info:    ... okay on input line 12.
LaTeX Font Info:    Checking defaults for TS1/cmr/m/n on input line 12.
LaTeX Font Info:    ... okay on input line 12.
LaTeX Font Info:    Checking defaults for OMX/txex/m/n on input line 12.
LaTeX Font Info:    Trying to load font information for OMX+txex on input line 12.
 (/usr/share/texmf-dist/tex/latex/txfonts/omxtxex.fd
File: omxtxex.fd 2000/12/15 v3.1
)
LaTeX Font Info:    ... okay on input line 12.
LaTeX Font Info:    Checking defaults for U/txexa/m/n on input line 12.
LaTeX Font Info:    Trying to load font information for U+txexa on input line 12.
 (/usr/share/texmf-dist/tex/latex/txfonts/utxexa.fd
File: utxexa.fd 2000/12/15 v3.1
)
LaTeX Font Info:    ... okay on input line 12.
LaTeX Font Info:    Checking defaults for PD1/pdf/m/n on input line 12.
LaTeX Font Info:    ... okay on input line 12.
LaTeX Font Info:    Checking defaults for PU/pdf/m/n on input line 12.
LaTeX Font Info:    ... okay on input line 12.
LaTeX Info: Redefining \. on input line 12.
LaTeX Info: Redefining \% on input line 12.
 (/usr/share/texmf-dist/tex/context/base/mkii/supp-pdf.mkii
[Loading MPS to PDF converter (version 2006.09.02).]
\scratchcounter=\count297
\scratchdimen=\dimen168
\scratchbox=\box65
\nofMPsegments=\count298
\nofMParguments=\count299
\everyMPshowfont=\toks29
\MPscratchCnt=\count300
\MPscratchDim=\dimen169
\MPnumerator=\count301
\makeMPintoPDFobject=\count302
\everyMPtoPDFconversion=\toks30
) (/usr/share/texmf-dist/tex/latex/epstopdf-pkg/epstopdf-base.sty
Package: epstopdf-base 2020-01-24 v2.11 Base part for package epstopdf
Package epstopdf-base Info: Redefining graphics rule for `.eps' on input line 485.
 (/usr/share/texmf-dist/tex/latex/latexconfig/epstopdf-sys.cfg
File: epstopdf-sys.cfg 2010/07/13 v1.3 Configuration of (r)epstopdf for TeX Live
))
*geometry* driver: auto-detecting
*geometry* detected driver: pdftex
*geometry* verbose mode - [ preamble ] result:
* driver: pdftex
* paper: <default>
* layout: <same size as paper>
* layoutoffset:(h,v)=(0.0pt,0.0pt)
* modes: twoside 
* h-part:(L,W,R)=(56.9055pt, 500.484pt, 56.9055pt)
* v-part:(T,H,B)=(99.58464pt, 595.8007pt, 99.58464pt)
* \paperwidth=614.295pt
* \paperheight=794.96999pt
* \textwidth=500.484pt
* \textheight=595.8007pt
* \oddsidemargin=-15.36449pt
* \evensidemargin=-15.36449pt
* \topmargin=-47.65834pt
* \headheight=56.9055pt
* \headsep=18.06749pt
* \topskip=10.0pt
* \footskip=25.29494pt
* \marginparwidth=125.0pt
* \marginparsep=7.0pt
* \columnsep=10.0pt
* \skip\footins=9.0pt plus 4.0pt minus 2.0pt
* \hoffset=0.0pt
* \voffset=0.0pt
* \mag=1000
* \@twocolumnfalse
* \@twosidetrue
* \@mparswitchtrue
* \@reversemarginfalse
* (1in=72.27pt=25.4mm, 1cm=28.453pt)

Package hyperref Info: Link coloring ON on input line 12.
(./ejemplo.out) (./ejemplo.out)
\@outlinefile=\write3
\openout3 = `ejemplo.out'.

\c@lstlisting=\count303
LaTeX Font Info:    Font shape `OT1/txss/m/n' will be
(Font)              scaled to size 16.41594pt on input line 16.
LaTeX Font Info:    Font shape `OT1/txss/m/n' will be
(Font)              scaled to size 23.63593pt on input line 16.
LaTeX Font Info:    Font shape `OT1/txss/m/n' will be
(Font)              scaled to size 11.39996pt on input line 16.
LaTeX Font Info:    Trying to load font information for OT1+txr on input line 16.
 (/usr/share/texmf-dist/tex/latex/txfonts/ot1txr.fd
File: ot1txr.fd 2000/12/15 v3.1
)
LaTeX Font Info:    Trying to load font information for U+txsya on input line 16.
 (/usr/share/texmf-dist/tex/latex/txfonts/utxsya.fd
File: utxsya.fd 2000/12/15 v3.1
)
LaTeX Font Info:    Trying to load font information for U+txsyb on input line 16.
 (/usr/share/texmf-dist/tex/latex/txfonts/utxsyb.fd
File: utxsyb.fd 2000/12/15 v3.1
)
LaTeX Font Info:    Trying to load font information for U+txmia on input line 16.
 (/usr/share/texmf-dist/tex/latex/txfonts/utxmia.fd
File: utxmia.fd 2000/12/15 v3.1
)
LaTeX Font Info:    Trying to load font information for U+txsyc on input line 16.
 (/usr/share/texmf-dist/tex/latex/txfonts/utxsyc.fd
File: utxsyc.fd 2000/12/15 v3.1
)
<theme/bannerAzul.png, id=171, 711.1368pt x 336.7782pt>
File: theme/bannerAzul.png Graphic file (type png)
<use theme/bannerAzul.png>
Package pdftex.def Info: theme/bannerAzul.png  used on input line 16.
(pdftex.def)             Requested size: 614.30019pt x 290.91858pt.
 [1


{/var/lib/texmf/fonts/map/pdftex/updmap/pdftex.map}{/usr/share/texmf-dist/fonts/enc/dvips/base/8r.enc} <./theme/bannerAzul.png>] [2

]
LaTeX Font Info:    Font shape `OT1/txss/m/n' will be
(Font)              scaled to size 13.67995pt on input line 20.
 (./ejemplo.toc
LaTeX Info: Redefining \. on input line 1.
LaTeX Info: Redefining \% on input line 1.
LaTeX Font Info:    Font shape `OT1/txss/b/n' will be
(Font)              scaled to size 9.49997pt on input line 2.
LaTeX Font Info:    Font shape `OT1/txss/m/sc' will be
(Font)              scaled to size 9.49997pt on input line 31.
 [1

])
\tf@toc=\write4
\openout4 = `ejemplo.toc'.

<theme/headerPar.png, id=233, 1204.5pt x 200.75pt>
File: theme/headerPar.png Graphic file (type png)
<use theme/headerPar.png>
Package pdftex.def Info: theme/headerPar.png  used on input line 21.
(pdftex.def)             Requested size: 210.00035pt x 35.0pt.
LaTeX Font Info:    Font shape `OT1/txss/m/n' will be
(Font)              scaled to size 7.59998pt on input line 21.
LaTeX Font Info:    Font shape `OT1/txss/m/sc' will be
(Font)              scaled to size 7.59998pt on input line 21.
LaTeX Font Info:    Font shape `OT1/txss/m/n' will be
(Font)              scaled to size 4.74998pt on input line 21.
LaTeX Font Info:    Font shape `OT1/txss/m/it' in size <5> not available
(Font)              Font shape `OT1/txss/m/sl' tried instead on input line 21.
LaTeX Font Info:    Font shape `OT1/txss/m/sl' will be
(Font)              scaled to size 4.74998pt on input line 21.
LaTeX Font Info:    Trying to load font information for U+mvs on input line 21.
 (/usr/share/texmf-dist/tex/latex/marvosym/umvs.fd) [2 <./theme/headerPar.png>] (./ejemplo.lof
LaTeX Info: Redefining \. on input line 1.
LaTeX Info: Redefining \% on input line 1.
)
\tf@lof=\write5
\openout5 = `ejemplo.lof'.

 [3

]
File: theme/headerPar.png Graphic file (type png)
<use theme/headerPar.png>
Package pdftex.def Info: theme/headerPar.png  used on input line 22.
(pdftex.def)             Requested size: 210.00035pt x 35.0pt.
 [4

] (./ejemplo.lot
LaTeX Info: Redefining \. on input line 1.
LaTeX Info: Redefining \% on input line 1.
)
\tf@lot=\write6
\openout6 = `ejemplo.lot'.

 [5]
\openout2 = `projectCharter.aux'.

 (./projectCharter.tex
File: theme/headerPar.png Graphic file (type png)
<use theme/headerPar.png>
Package pdftex.def Info: theme/headerPar.png  used on input line 10.
(pdftex.def)             Requested size: 210.00035pt x 35.0pt.
 [6


]
LaTeX Font Info:    Trying to load font information for TS1+txss on input line 34.
 (/usr/share/texmf-dist/tex/latex/txfonts/ts1txss.fd
File: ts1txss.fd 2000/12/15 v3.1
)
LaTeX Font Info:    Font shape `TS1/txss/m/n' will be
(Font)              scaled to size 9.49997pt on input line 34.
)
<theme/headerInp.png, id=290, 1204.5pt x 200.75pt>
File: theme/headerInp.png Graphic file (type png)
<use theme/headerInp.png>
Package pdftex.def Info: theme/headerInp.png  used on input line 24.
(pdftex.def)             Requested size: 210.00035pt x 35.0pt.
 [7 <./theme/headerInp.png>]
File: theme/headerPar.png Graphic file (type png)
<use theme/headerPar.png>
Package pdftex.def Info: theme/headerPar.png  used on input line 26.
(pdftex.def)             Requested size: 210.00035pt x 35.0pt.
 [8



]
\openout2 = `1introduccion.aux'.

 (./1introduccion.tex
Cap\'{\i }tulo 1.
LaTeX Font Info:    Font shape `OT1/txss/m/it' in size <10> not available
(Font)              Font shape `OT1/txss/m/sl' tried instead on input line 7.
LaTeX Font Info:    Font shape `OT1/txss/m/sl' will be
(Font)              scaled to size 9.49997pt on input line 7.
LaTeX Font Info:    Font shape `OT1/txss/b/n' will be
(Font)              scaled to size 13.67995pt on input line 11.

pdfTeX warning (ext4): destination with the same identifier (name{page.1}) has been already used, duplicate ignored
<to be read again> 
                   \relax 
l.43 \end{description}
                      
<theme/plecaAyD.png, id=304, 1085.0136pt x 155.6214pt>
File: theme/plecaAyD.png Graphic file (type png)
<use theme/plecaAyD.png>
Package pdftex.def Info: theme/plecaAyD.png  used on input line 43.
(pdftex.def)             Requested size: 614.29208pt x 88.1067pt.
 [1


 <./theme/plecaAyD.png>]
LaTeX Font Info:    Font shape `OT1/txss/m/it' in size <8> not available
(Font)              Font shape `OT1/txss/m/sl' tried instead on input line 50.
LaTeX Font Info:    Font shape `OT1/txss/m/sl' will be
(Font)              scaled to size 7.59998pt on input line 50.
)
File: theme/headerPar.png Graphic file (type png)
<use theme/headerPar.png>
Package pdftex.def Info: theme/headerPar.png  used on input line 28.
(pdftex.def)             Requested size: 210.00035pt x 35.0pt.

pdfTeX warning (ext4): destination with the same identifier (name{page.2}) has been already used, duplicate ignored
<to be read again> 
                   \relax 
l.28 \include{1introduccion}
                            
File: theme/plecaAyD.png Graphic file (type png)
<use theme/plecaAyD.png>
Package pdftex.def Info: theme/plecaAyD.png  used on input line 28.
(pdftex.def)             Requested size: 614.29208pt x 88.1067pt.
 [2]
\openout2 = `2ModeloDelAlcance.aux'.

 (./2ModeloDelAlcance.tex
Cap\'{\i }tulo 2.
LaTeX Font Info:    Font shape `OT1/txss/b/n' will be
(Font)              scaled to size 11.39996pt on input line 14.
<images/organigramaEm.png, id=313, 525.6438pt x 250.536pt>
File: images/organigramaEm.png Graphic file (type png)
<use images/organigramaEm.png>
Package pdftex.def Info: images/organigramaEm.png  used on input line 20.
(pdftex.def)             Requested size: 400.38872pt x 190.84131pt.
<theme/uc/actorRule.png, id=314, 1401.0744pt x 130.086pt>
File: theme/uc/actorRule.png Graphic file (type png)
<use theme/uc/actorRule.png>
Package pdftex.def Info: theme/uc/actorRule.png  used on input line 31.
(pdftex.def)             Requested size: 500.484pt x 46.46767pt.
File: theme/plecaAyD.png Graphic file (type png)
<use theme/plecaAyD.png>
Package pdftex.def Info: theme/plecaAyD.png  used on input line 47.
(pdftex.def)             Requested size: 614.29208pt x 88.1067pt.
[3




 <./theme/uc/actorRule.png>]
File: theme/uc/actorRule.png Graphic file (type png)
<use theme/uc/actorRule.png>
Package pdftex.def Info: theme/uc/actorRule.png  used on input line 57.
(pdftex.def)             Requested size: 500.484pt x 46.46767pt.

Overfull \hbox (0.87947pt too wide) in paragraph at lines 85--85
[]|[]\OT1/txss/m/n/10 Iter.[]| 
 []


Overfull \hbox (3.60602pt too wide) in paragraph at lines 85--85
[]|\OT1/txss/m/n/10 RU0| 
 []


Overfull \hbox (2.41966pt too wide) in paragraph at lines 85--85
[]|[]\OT1/txss/b/n/10 DONE[]| 
 []


Overfull \hbox (3.60602pt too wide) in paragraph at lines 87--87
[]|\OT1/txss/m/n/10 RU1| 
 []


Overfull \hbox (2.03964pt too wide) in paragraph at lines 87--87
[]|[]\OT1/txss/b/n/10 TODO[]| 
 []


Overfull \hbox (3.60602pt too wide) in paragraph at lines 88--88
[]|\OT1/txss/m/n/10 RU2| 
 []


Overfull \hbox (2.03964pt too wide) in paragraph at lines 88--88
[]|[]\OT1/txss/b/n/10 TODO[]| 
 []


Overfull \hbox (3.60602pt too wide) in paragraph at lines 89--89
[]|\OT1/txss/m/n/10 RU3| 
 []


Overfull \hbox (2.03964pt too wide) in paragraph at lines 89--89
[]|[]\OT1/txss/b/n/10 TODO[]| 
 []


Overfull \hbox (3.60602pt too wide) in paragraph at lines 90--90
[]|\OT1/txss/m/n/10 RU4| 
 []


Overfull \hbox (2.03964pt too wide) in paragraph at lines 90--90
[]|[]\OT1/txss/b/n/10 TODO[]| 
 []


Overfull \hbox (3.60602pt too wide) in paragraph at lines 91--91
[]|\OT1/txss/m/n/10 RU5| 
 []


Overfull \hbox (2.03964pt too wide) in paragraph at lines 91--91
[]|[]\OT1/txss/b/n/10 TODO[]| 
 []


Overfull \hbox (3.60602pt too wide) in paragraph at lines 92--92
[]|\OT1/txss/m/n/10 RU6| 
 []


Overfull \hbox (2.03964pt too wide) in paragraph at lines 92--92
[]|[]\OT1/txss/b/n/10 TODO[]| 
 []


Overfull \hbox (3.60602pt too wide) in paragraph at lines 93--93
[]|\OT1/txss/m/n/10 RU7| 
 []


Overfull \hbox (2.03964pt too wide) in paragraph at lines 93--93
[]|[]\OT1/txss/b/n/10 TODO[]| 
 []


Overfull \hbox (3.60602pt too wide) in paragraph at lines 94--94
[]|\OT1/txss/m/n/10 RU8| 
 []


Overfull \hbox (2.03964pt too wide) in paragraph at lines 94--94
[]|[]\OT1/txss/b/n/10 TODO[]| 
 []


Overfull \hbox (3.60602pt too wide) in paragraph at lines 95--95
[]|\OT1/txss/m/n/10 RU9| 
 []


Overfull \hbox (2.03964pt too wide) in paragraph at lines 95--95
[]|[]\OT1/txss/b/n/10 TODO[]| 
 []


Overfull \hbox (8.88799pt too wide) in paragraph at lines 98--98
[]|\OT1/txss/m/n/10 RU10| 
 []


Overfull \hbox (2.03964pt too wide) in paragraph at lines 98--98
[]|[]\OT1/txss/b/n/10 TODO[]| 
 []


Overfull \hbox (8.88799pt too wide) in paragraph at lines 99--99
[]|\OT1/txss/m/n/10 RU11| 
 []


Underfull \hbox (badness 1533) in paragraph at lines 99--99
[]|\OT1/txss/m/n/10 Registro de per-te-nen-
 []


Overfull \hbox (2.03964pt too wide) in paragraph at lines 99--99
[]|[]\OT1/txss/b/n/10 TODO[]| 
 []


Overfull \hbox (8.88799pt too wide) in paragraph at lines 100--100
[]|\OT1/txss/m/n/10 RU12| 
 []


Overfull \hbox (2.03964pt too wide) in paragraph at lines 100--100
[]|[]\OT1/txss/b/n/10 TODO[]| 
 []


Overfull \hbox (8.88799pt too wide) in paragraph at lines 101--101
[]|\OT1/txss/m/n/10 RU13| 
 []


Overfull \hbox (2.03964pt too wide) in paragraph at lines 101--101
[]|[]\OT1/txss/b/n/10 TODO[]| 
 []


Overfull \hbox (8.88799pt too wide) in paragraph at lines 102--102
[]|\OT1/txss/m/n/10 RU14| 
 []


Overfull \hbox (2.03964pt too wide) in paragraph at lines 102--102
[]|[]\OT1/txss/b/n/10 TODO[]| 
 []


Overfull \hbox (8.88799pt too wide) in paragraph at lines 103--103
[]|\OT1/txss/m/n/10 RU15| 
 []


Overfull \hbox (2.03964pt too wide) in paragraph at lines 103--103
[]|[]\OT1/txss/b/n/10 TODO[]| 
 []


Overfull \hbox (8.88799pt too wide) in paragraph at lines 104--104
[]|\OT1/txss/m/n/10 RU16| 
 []


Overfull \hbox (2.03964pt too wide) in paragraph at lines 104--104
[]|[]\OT1/txss/b/n/10 TODO[]| 
 []


Overfull \hbox (8.88799pt too wide) in paragraph at lines 105--105
[]|\OT1/txss/m/n/10 RU17| 
 []


Overfull \hbox (2.03964pt too wide) in paragraph at lines 105--105
[]|[]\OT1/txss/b/n/10 TODO[]| 
 []


Overfull \hbox (8.88799pt too wide) in paragraph at lines 106--106
[]|\OT1/txss/m/n/10 RU18| 
 []


Underfull \hbox (badness 2334) in paragraph at lines 106--106
[]|\OT1/txss/m/n/10 Restricci[]on de pri-vi-le-
 []


Overfull \hbox (2.03964pt too wide) in paragraph at lines 106--106
[]|[]\OT1/txss/b/n/10 TODO[]| 
 []


Overfull \hbox (8.88799pt too wide) in paragraph at lines 109--109
[]|\OT1/txss/m/n/10 RU19| 
 []


Overfull \hbox (2.03964pt too wide) in paragraph at lines 109--109
[]|[]\OT1/txss/b/n/10 TODO[]| 
 []


Overfull \hbox (8.88799pt too wide) in paragraph at lines 110--110
[]|\OT1/txss/m/n/10 RU20| 
 []


Overfull \hbox (2.03964pt too wide) in paragraph at lines 110--110
[]|[]\OT1/txss/b/n/10 TODO[]| 
 []


Overfull \hbox (8.88799pt too wide) in paragraph at lines 111--111
[]|\OT1/txss/m/n/10 RU21| 
 []


Overfull \hbox (2.03964pt too wide) in paragraph at lines 111--111
[]|[]\OT1/txss/b/n/10 TODO[]| 
 []


Overfull \hbox (8.88799pt too wide) in paragraph at lines 112--112
[]|\OT1/txss/m/n/10 RU22| 
 []


Overfull \hbox (2.03964pt too wide) in paragraph at lines 112--112
[]|[]\OT1/txss/b/n/10 TODO[]| 
 []


Overfull \hbox (8.88799pt too wide) in paragraph at lines 113--113
[]|\OT1/txss/m/n/10 RU23| 
 []


Overfull \hbox (2.03964pt too wide) in paragraph at lines 113--113
[]|[]\OT1/txss/b/n/10 TODO[]| 
 []


Overfull \hbox (8.88799pt too wide) in paragraph at lines 114--114
[]|\OT1/txss/m/n/10 RU24| 
 []


Overfull \hbox (2.03964pt too wide) in paragraph at lines 114--114
[]|[]\OT1/txss/b/n/10 TODO[]| 
 []


Overfull \hbox (8.88799pt too wide) in paragraph at lines 115--115
[]|\OT1/txss/m/n/10 RU25| 
 []


Underfull \hbox (badness 1803) in paragraph at lines 115--115
[]|\OT1/txss/m/n/10 Selecci[]on de in-for-ma-
 []


Overfull \hbox (2.03964pt too wide) in paragraph at lines 115--115
[]|[]\OT1/txss/b/n/10 TODO[]| 
 []


LaTeX Warning: Float too large for page by 101.07068pt on input line 121.


Overfull \hbox (0.87947pt too wide) in paragraph at lines 126--126
[]|[]\OT1/txss/m/n/10 Iter.[]| 
 []


Overfull \hbox (8.88799pt too wide) in paragraph at lines 126--126
[]|\OT1/txss/m/n/10 RU26| 
 []


Underfull \hbox (badness 2547) in paragraph at lines 126--126
[]|\OT1/txss/m/n/10 Visualizaci[]on de hi-jos
 []


Overfull \hbox (2.03964pt too wide) in paragraph at lines 126--126
[]|[]\OT1/txss/b/n/10 TODO[]| 
 []


Overfull \hbox (8.88799pt too wide) in paragraph at lines 127--127
[]|\OT1/txss/m/n/10 RU27| 
 []


Overfull \hbox (2.03964pt too wide) in paragraph at lines 127--127
[]|[]\OT1/txss/b/n/10 TODO[]| 
 []


Overfull \hbox (8.88799pt too wide) in paragraph at lines 129--129
[]|\OT1/txss/m/n/10 RU28| 
 []


Overfull \hbox (2.41966pt too wide) in paragraph at lines 129--129
[]|[]\OT1/txss/b/n/10 DONE[]| 
 []


Overfull \hbox (8.88799pt too wide) in paragraph at lines 130--130
[]|\OT1/txss/m/n/10 RU29| 
 []


Overfull \hbox (2.03964pt too wide) in paragraph at lines 130--130
[]|[]\OT1/txss/b/n/10 TODO[]| 
 []


Overfull \hbox (8.88799pt too wide) in paragraph at lines 131--131
[]|\OT1/txss/m/n/10 RU30| 
 []


Overfull \hbox (2.41966pt too wide) in paragraph at lines 131--131
[]|[]\OT1/txss/b/n/10 DONE[]| 
 []


Overfull \hbox (8.88799pt too wide) in paragraph at lines 132--132
[]|\OT1/txss/m/n/10 RU31| 
 []


Overfull \hbox (6.11513pt too wide) in paragraph at lines 132--132
[]|[]\OT1/txss/b/n/10 DOING[]| 
 []


Overfull \hbox (8.88799pt too wide) in paragraph at lines 133--133
[]|\OT1/txss/m/n/10 RU32| 
 []


Underfull \hbox (badness 10000) in paragraph at lines 133--133
[]|\OT1/txss/m/n/10 Evacuaciones Sos-pe-
 []


Overfull \hbox (8.88799pt too wide) in paragraph at lines 134--134
[]|\OT1/txss/m/n/10 RU33| 
 []


Overfull \hbox (2.41966pt too wide) in paragraph at lines 134--134
[]|[]\OT1/txss/b/n/10 DONE[]| 
 []


Overfull \hbox (8.88799pt too wide) in paragraph at lines 135--135
[]|\OT1/txss/m/n/10 RU34| 
 []


Overfull \hbox (2.03964pt too wide) in paragraph at lines 135--135
[]|[]\OT1/txss/b/n/10 TODO[]| 
 []


Overfull \hbox (8.88799pt too wide) in paragraph at lines 136--136
[]|\OT1/txss/m/n/10 RU35| 
 []


Overfull \hbox (2.41966pt too wide) in paragraph at lines 136--136
[]|[]\OT1/txss/b/n/10 DONE[]| 
 []


Underfull \hbox (badness 10000) in paragraph at lines 158--158

 []

<images/arquitectura.png, id=325, 699.5736pt x 609.9588pt>
File: images/arquitectura.png Graphic file (type png)
<use images/arquitectura.png>
Package pdftex.def Info: images/arquitectura.png  used on input line 162.
(pdftex.def)             Requested size: 300.29344pt x 261.82112pt.
)
Overfull \vbox (180.32562pt too high) has occurred while \output is active []

File: theme/headerPar.png Graphic file (type png)
<use theme/headerPar.png>
Package pdftex.def Info: theme/headerPar.png  used on input line 29.
(pdftex.def)             Requested size: 210.00035pt x 35.0pt.
File: theme/plecaAyD.png Graphic file (type png)
<use theme/plecaAyD.png>
Package pdftex.def Info: theme/plecaAyD.png  used on input line 29.
(pdftex.def)             Requested size: 614.29208pt x 88.1067pt.
 [4 <./images/organigramaEm.png>]
File: theme/headerInp.png Graphic file (type png)
<use theme/headerInp.png>
Package pdftex.def Info: theme/headerInp.png  used on input line 29.
(pdftex.def)             Requested size: 210.00035pt x 35.0pt.
File: theme/plecaAyD.png Graphic file (type png)
<use theme/plecaAyD.png>
Package pdftex.def Info: theme/plecaAyD.png  used on input line 29.
(pdftex.def)             Requested size: 614.29208pt x 88.1067pt.
 [5]
File: theme/headerPar.png Graphic file (type png)
<use theme/headerPar.png>
Package pdftex.def Info: theme/headerPar.png  used on input line 29.
(pdftex.def)             Requested size: 210.00035pt x 35.0pt.
File: theme/plecaAyD.png Graphic file (type png)
<use theme/plecaAyD.png>
Package pdftex.def Info: theme/plecaAyD.png  used on input line 29.
(pdftex.def)             Requested size: 614.29208pt x 88.1067pt.
 [6]
File: theme/headerInp.png Graphic file (type png)
<use theme/headerInp.png>
Package pdftex.def Info: theme/headerInp.png  used on input line 29.
(pdftex.def)             Requested size: 210.00035pt x 35.0pt.
File: theme/plecaAyD.png Graphic file (type png)
<use theme/plecaAyD.png>
Package pdftex.def Info: theme/plecaAyD.png  used on input line 29.
(pdftex.def)             Requested size: 614.29208pt x 88.1067pt.
 [7 <./images/arquitectura.png>]
\openout2 = `3ModeloDelNegocio.aux'.

 (./3ModeloDelNegocio.tex
File: theme/headerPar.png Graphic file (type png)
<use theme/headerPar.png>
Package pdftex.def Info: theme/headerPar.png  used on input line 2.
(pdftex.def)             Requested size: 210.00035pt x 35.0pt.
File: theme/plecaAyD.png Graphic file (type png)
<use theme/plecaAyD.png>
Package pdftex.def Info: theme/plecaAyD.png  used on input line 2.
(pdftex.def)             Requested size: 614.29208pt x 88.1067pt.
 [8




]
Cap\'{\i }tulo 3.
File: theme/plecaAyD.png Graphic file (type png)
<use theme/plecaAyD.png>
Package pdftex.def Info: theme/plecaAyD.png  used on input line 34.
(pdftex.def)             Requested size: 614.29208pt x 88.1067pt.
[9]
<images/modeloDelDominioDelProblema.png, id=376, 1762.4244pt x 1340.8494pt>
File: images/modeloDelDominioDelProblema.png Graphic file (type png)
<use images/modeloDelDominioDelProblema.png>
Package pdftex.def Info: images/modeloDelDominioDelProblema.png  used on input line 51.
(pdftex.def)             Requested size: 1762.42012pt x 1340.84613pt.


LaTeX Warning: Float too large for page by 63.71478pt on input line 55.

<theme/uc/classRule.png, id=377, 1930.5726pt x 130.086pt>
File: theme/uc/classRule.png Graphic file (type png)
<use theme/uc/classRule.png>
Package pdftex.def Info: theme/uc/classRule.png  used on input line 57.
(pdftex.def)             Requested size: 500.484pt x 33.7223pt.

Overfull \hbox (3.92613pt too wide) in paragraph at lines 57--57
[]|\OT1/txss/m/n/10 Requerido| 
 []

File: theme/uc/classRule.png Graphic file (type png)
<use theme/uc/classRule.png>
Package pdftex.def Info: theme/uc/classRule.png  used on input line 81.
(pdftex.def)             Requested size: 500.484pt x 33.7223pt.

Overfull \hbox (3.92613pt too wide) in paragraph at lines 81--81
[]|\OT1/txss/m/n/10 Requerido| 
 []

File: theme/headerPar.png Graphic file (type png)
<use theme/headerPar.png>
Package pdftex.def Info: theme/headerPar.png  used on input line 88.
(pdftex.def)             Requested size: 210.00035pt x 35.0pt.
File: theme/plecaAyD.png Graphic file (type png)
<use theme/plecaAyD.png>
Package pdftex.def Info: theme/plecaAyD.png  used on input line 88.
(pdftex.def)             Requested size: 614.29208pt x 88.1067pt.
[10 <./theme/uc/classRule.png>] (./3-1-reglas.tex
File: theme/headerInp.png Graphic file (type png)
<use theme/headerInp.png>
Package pdftex.def Info: theme/headerInp.png  used on input line 71.
(pdftex.def)             Requested size: 210.00035pt x 35.0pt.
File: theme/plecaAyD.png Graphic file (type png)
<use theme/plecaAyD.png>
Package pdftex.def Info: theme/plecaAyD.png  used on input line 71.
(pdftex.def)             Requested size: 614.29208pt x 88.1067pt.
 [11]
File: theme/headerPar.png Graphic file (type png)
<use theme/headerPar.png>
Package pdftex.def Info: theme/headerPar.png  used on input line 71.
(pdftex.def)             Requested size: 210.00035pt x 35.0pt.
File: theme/plecaAyD.png Graphic file (type png)
<use theme/plecaAyD.png>
Package pdftex.def Info: theme/plecaAyD.png  used on input line 71.
(pdftex.def)             Requested size: 614.29208pt x 88.1067pt.
 [12 <./images/modeloDelDominioDelProblema.png>]
File: theme/headerInp.png Graphic file (type png)
<use theme/headerInp.png>
Package pdftex.def Info: theme/headerInp.png  used on input line 146.
(pdftex.def)             Requested size: 210.00035pt x 35.0pt.
File: theme/plecaAyD.png Graphic file (type png)
<use theme/plecaAyD.png>
Package pdftex.def Info: theme/plecaAyD.png  used on input line 146.
(pdftex.def)             Requested size: 614.29208pt x 88.1067pt.
 [13]) (./proc/proc01.tex
<images/proceso1.png, id=442, 1072.005pt x 760.8425pt>
File: images/proceso1.png Graphic file (type png)
<use images/proceso1.png>
Package pdftex.def Info: images/proceso1.png  used on input line 6.
(pdftex.def)             Requested size: 350.33727pt x 248.6408pt.
File: theme/headerPar.png Graphic file (type png)
<use theme/headerPar.png>
Package pdftex.def Info: theme/headerPar.png  used on input line 17.
(pdftex.def)             Requested size: 210.00035pt x 35.0pt.
File: theme/plecaAyD.png Graphic file (type png)
<use theme/plecaAyD.png>
Package pdftex.def Info: theme/plecaAyD.png  used on input line 17.
(pdftex.def)             Requested size: 614.29208pt x 88.1067pt.
 [14 <./images/proceso1.png>]) (./proc/proc02.tex
<images/proceso2.png, id=449, 1044.90375pt x 277.035pt>
File: images/proceso2.png Graphic file (type png)
<use images/proceso2.png>
Package pdftex.def Info: images/proceso2.png  used on input line 6.
(pdftex.def)             Requested size: 400.38872pt x 106.15364pt.
)
<images/mapaProc.png, id=451, 825.83531pt x 546.54187pt>
File: images/mapaProc.png Graphic file (type png)
<use images/mapaProc.png>
Package pdftex.def Info: images/mapaProc.png  used on input line 112.
(pdftex.def)             Requested size: 400.38872pt x 264.98074pt.
 (./proc/proc-m01.tex
<images/proceso3.png, id=452, 993.7125pt x 447.6725pt>
File: images/proceso3.png Graphic file (type png)
<use images/proceso3.png>
Package pdftex.def Info: images/proceso3.png  used on input line 6.
(pdftex.def)             Requested size: 400.38872pt x 180.37737pt.
File: theme/headerInp.png Graphic file (type png)
<use theme/headerInp.png>
Package pdftex.def Info: theme/headerInp.png  used on input line 14.
(pdftex.def)             Requested size: 210.00035pt x 35.0pt.
File: theme/plecaAyD.png Graphic file (type png)
<use theme/plecaAyD.png>
Package pdftex.def Info: theme/plecaAyD.png  used on input line 14.
(pdftex.def)             Requested size: 614.29208pt x 88.1067pt.
 [15 <./images/proceso2.png>]
File: theme/headerPar.png Graphic file (type png)
<use theme/headerPar.png>
Package pdftex.def Info: theme/headerPar.png  used on input line 14.
(pdftex.def)             Requested size: 210.00035pt x 35.0pt.
File: theme/plecaAyD.png Graphic file (type png)
<use theme/plecaAyD.png>
Package pdftex.def Info: theme/plecaAyD.png  used on input line 14.
(pdftex.def)             Requested size: 614.29208pt x 88.1067pt.
 [16 <./images/mapaProc.png> <./images/proceso3.png>]))
File: theme/headerInp.png Graphic file (type png)
<use theme/headerInp.png>
Package pdftex.def Info: theme/headerInp.png  used on input line 30.
(pdftex.def)             Requested size: 210.00035pt x 35.0pt.
File: theme/plecaAyD.png Graphic file (type png)
<use theme/plecaAyD.png>
Package pdftex.def Info: theme/plecaAyD.png  used on input line 30.
(pdftex.def)             Requested size: 614.29208pt x 88.1067pt.
 [17]
\openout2 = `4ModeloDinamico.aux'.

 (./4ModeloDinamico.tex
File: theme/headerPar.png Graphic file (type png)
<use theme/headerPar.png>
Package pdftex.def Info: theme/headerPar.png  used on input line 2.
(pdftex.def)             Requested size: 210.00035pt x 35.0pt.
File: theme/plecaAyD.png Graphic file (type png)
<use theme/plecaAyD.png>
Package pdftex.def Info: theme/plecaAyD.png  used on input line 2.
(pdftex.def)             Requested size: 614.29208pt x 88.1067pt.
 [18




]
Cap\'{\i }tulo 4.
<images/casosDeUso.png, id=481, 726.5544pt x 370.0224pt>
File: images/casosDeUso.png Graphic file (type png)
<use images/casosDeUso.png>
Package pdftex.def Info: images/casosDeUso.png  used on input line 9.
(pdftex.def)             Requested size: 400.38872pt x 203.9138pt.
<images/casosDeUsoDetalle.png, id=482, 1653.0558pt x 995.3988pt>
File: images/casosDeUsoDetalle.png Graphic file (type png)
<use images/casosDeUsoDetalle.png>
Package pdftex.def Info: images/casosDeUsoDetalle.png  used on input line 17.
(pdftex.def)             Requested size: 1653.05179pt x 995.39638pt.

LaTeX Warning: Float too large for page by 20.5961pt on input line 21.

File: theme/uc/actorRule.png Graphic file (type png)
<use theme/uc/actorRule.png>
Package pdftex.def Info: theme/uc/actorRule.png  used on input line 29.
(pdftex.def)             Requested size: 500.484pt x 46.46767pt.
File: theme/plecaAyD.png Graphic file (type png)
<use theme/plecaAyD.png>
Package pdftex.def Info: theme/plecaAyD.png  used on input line 29.
(pdftex.def)             Requested size: 614.29208pt x 88.1067pt.
[19 <./images/casosDeUso.png>]
File: theme/headerPar.png Graphic file (type png)
<use theme/headerPar.png>
Package pdftex.def Info: theme/headerPar.png  used on input line 29.
(pdftex.def)             Requested size: 210.00035pt x 35.0pt.
File: theme/plecaAyD.png Graphic file (type png)
<use theme/plecaAyD.png>
Package pdftex.def Info: theme/plecaAyD.png  used on input line 29.
(pdftex.def)             Requested size: 614.29208pt x 88.1067pt.
 [20 <./images/casosDeUsoDetalle.png>] (./cu/cu17.tex
File: theme/headerInp.png Graphic file (type png)
<use theme/headerInp.png>
Package pdftex.def Info: theme/headerInp.png  used on input line 15.
(pdftex.def)             Requested size: 210.00035pt x 35.0pt.
File: theme/plecaAyD.png Graphic file (type png)
<use theme/plecaAyD.png>
Package pdftex.def Info: theme/plecaAyD.png  used on input line 15.
(pdftex.def)             Requested size: 614.29208pt x 88.1067pt.
 [21]
<theme/uc/default.png, id=499, 926.46124pt x 57.21375pt>
File: theme/uc/default.png Graphic file (type png)
<use theme/uc/default.png>
Package pdftex.def Info: theme/uc/default.png  used on input line 15.
(pdftex.def)             Requested size: 550.53545pt x 33.9985pt.

Overfull \hbox (50.05145pt too wide) in paragraph at lines 15--15
[][] 
 []


Underfull \hbox (badness 10000) in paragraph at lines 32--32

 []

<theme/uc/actor.png, id=501, 96.36pt x 74.2775pt>
File: theme/uc/actor.png Graphic file (type png)
<use theme/uc/actor.png>
Package pdftex.def Info: theme/uc/actor.png  used on input line 33.
(pdftex.def)             Requested size: 14.26958pt x 11.0pt.
<theme/uc/iu.png, id=502, 61.22874pt x 55.20625pt>
File: theme/uc/iu.png Graphic file (type png)
<use theme/uc/iu.png>
Package pdftex.def Info: theme/uc/iu.png  used on input line 33.
(pdftex.def)             Requested size: 11.09076pt x 10.0pt.
File: theme/uc/actor.png Graphic file (type png)
<use theme/uc/actor.png>
Package pdftex.def Info: theme/uc/actor.png  used on input line 34.
(pdftex.def)             Requested size: 14.26958pt x 11.0pt.
<theme/uc/usecase.png, id=504, 91.34125pt x 61.22874pt>
File: theme/uc/usecase.png Graphic file (type png)
<use theme/uc/usecase.png>
Package pdftex.def Info: theme/uc/usecase.png  used on input line 35.
(pdftex.def)             Requested size: 16.40865pt x 11.0pt.
File: theme/uc/usecase.png Graphic file (type png)
<use theme/uc/usecase.png>
Package pdftex.def Info: theme/uc/usecase.png  used on input line 36.
(pdftex.def)             Requested size: 16.40865pt x 11.0pt.
File: theme/uc/iu.png Graphic file (type png)
<use theme/uc/iu.png>
Package pdftex.def Info: theme/uc/iu.png  used on input line 36.
(pdftex.def)             Requested size: 11.09076pt x 10.0pt.
File: theme/uc/actor.png Graphic file (type png)
<use theme/uc/actor.png>
Package pdftex.def Info: theme/uc/actor.png  used on input line 37.
(pdftex.def)             Requested size: 14.26958pt x 11.0pt.
File: theme/uc/usecase.png Graphic file (type png)
<use theme/uc/usecase.png>
Package pdftex.def Info: theme/uc/usecase.png  used on input line 38.
(pdftex.def)             Requested size: 16.40865pt x 11.0pt.
File: theme/uc/usecase.png Graphic file (type png)
<use theme/uc/usecase.png>
Package pdftex.def Info: theme/uc/usecase.png  used on input line 39.
(pdftex.def)             Requested size: 16.40865pt x 11.0pt.
File: theme/uc/usecase.png Graphic file (type png)
<use theme/uc/usecase.png>
Package pdftex.def Info: theme/uc/usecase.png  used on input line 40.
(pdftex.def)             Requested size: 16.40865pt x 11.0pt.
File: theme/headerPar.png Graphic file (type png)
<use theme/headerPar.png>
Package pdftex.def Info: theme/headerPar.png  used on input line 41.
(pdftex.def)             Requested size: 210.00035pt x 35.0pt.
File: theme/plecaAyD.png Graphic file (type png)
<use theme/plecaAyD.png>
Package pdftex.def Info: theme/plecaAyD.png  used on input line 41.
(pdftex.def)             Requested size: 614.29208pt x 88.1067pt.
[22 <./theme/uc/default.png> <./theme/uc/actor.png> <./theme/uc/iu.png> </usr/share/texmf-dist/tex/latex/keystroke/keystroke_left.pdf> </usr/share/texmf-dist/tex/latex/keystroke/keystroke_middle.pdf> </usr/share/texmf-dist/tex/latex/keystroke/keystroke_right.pdf> <./theme/uc/usecase.png>]
File: theme/uc/usecase.png Graphic file (type png)
<use theme/uc/usecase.png>
Package pdftex.def Info: theme/uc/usecase.png  used on input line 41.
(pdftex.def)             Requested size: 16.40865pt x 11.0pt.
File: theme/uc/iu.png Graphic file (type png)
<use theme/uc/iu.png>
Package pdftex.def Info: theme/uc/iu.png  used on input line 41.
(pdftex.def)             Requested size: 11.09076pt x 10.0pt.
File: theme/uc/usecase.png Graphic file (type png)
<use theme/uc/usecase.png>
Package pdftex.def Info: theme/uc/usecase.png  used on input line 42.
(pdftex.def)             Requested size: 16.40865pt x 11.0pt.
File: theme/uc/actor.png Graphic file (type png)
<use theme/uc/actor.png>
Package pdftex.def Info: theme/uc/actor.png  used on input line 43.
(pdftex.def)             Requested size: 14.26958pt x 11.0pt.
File: theme/uc/usecase.png Graphic file (type png)
<use theme/uc/usecase.png>
Package pdftex.def Info: theme/uc/usecase.png  used on input line 44.
(pdftex.def)             Requested size: 16.40865pt x 11.0pt.
File: theme/uc/usecase.png Graphic file (type png)
<use theme/uc/usecase.png>
Package pdftex.def Info: theme/uc/usecase.png  used on input line 45.
(pdftex.def)             Requested size: 16.40865pt x 11.0pt.
File: theme/uc/iu.png Graphic file (type png)
<use theme/uc/iu.png>
Package pdftex.def Info: theme/uc/iu.png  used on input line 45.
(pdftex.def)             Requested size: 11.09076pt x 10.0pt.
File: theme/uc/usecase.png Graphic file (type png)
<use theme/uc/usecase.png>
Package pdftex.def Info: theme/uc/usecase.png  used on input line 46.
(pdftex.def)             Requested size: 16.40865pt x 11.0pt.
File: theme/uc/usecase.png Graphic file (type png)
<use theme/uc/usecase.png>
Package pdftex.def Info: theme/uc/usecase.png  used on input line 47.
(pdftex.def)             Requested size: 16.40865pt x 11.0pt.
File: theme/uc/actor.png Graphic file (type png)
<use theme/uc/actor.png>
Package pdftex.def Info: theme/uc/actor.png  used on input line 48.
(pdftex.def)             Requested size: 14.26958pt x 11.0pt.
File: theme/uc/usecase.png Graphic file (type png)
<use theme/uc/usecase.png>
Package pdftex.def Info: theme/uc/usecase.png  used on input line 49.
(pdftex.def)             Requested size: 16.40865pt x 11.0pt.
File: theme/uc/iu.png Graphic file (type png)
<use theme/uc/iu.png>
Package pdftex.def Info: theme/uc/iu.png  used on input line 49.
(pdftex.def)             Requested size: 11.09076pt x 10.0pt.
LaTeX Font Info:    Font shape `OT1/txss/m/n' will be
(Font)              scaled to size 8.54997pt on input line 53.
LaTeX Font Info:    Font shape `OT1/txss/b/n' will be
(Font)              scaled to size 8.54997pt on input line 53.
File: theme/uc/usecase.png Graphic file (type png)
<use theme/uc/usecase.png>
Package pdftex.def Info: theme/uc/usecase.png  used on input line 54.
(pdftex.def)             Requested size: 16.40865pt x 11.0pt.
File: theme/uc/actor.png Graphic file (type png)
<use theme/uc/actor.png>
Package pdftex.def Info: theme/uc/actor.png  used on input line 55.
(pdftex.def)             Requested size: 14.26958pt x 11.0pt.
File: theme/uc/usecase.png Graphic file (type png)
<use theme/uc/usecase.png>
Package pdftex.def Info: theme/uc/usecase.png  used on input line 61.
(pdftex.def)             Requested size: 16.40865pt x 11.0pt.
File: theme/uc/actor.png Graphic file (type png)
<use theme/uc/actor.png>
Package pdftex.def Info: theme/uc/actor.png  used on input line 62.
(pdftex.def)             Requested size: 14.26958pt x 11.0pt.
File: theme/uc/usecase.png Graphic file (type png)
<use theme/uc/usecase.png>
Package pdftex.def Info: theme/uc/usecase.png  used on input line 63.
(pdftex.def)             Requested size: 16.40865pt x 11.0pt.
File: theme/uc/usecase.png Graphic file (type png)
<use theme/uc/usecase.png>
Package pdftex.def Info: theme/uc/usecase.png  used on input line 64.
(pdftex.def)             Requested size: 16.40865pt x 11.0pt.
File: theme/uc/usecase.png Graphic file (type png)
<use theme/uc/usecase.png>
Package pdftex.def Info: theme/uc/usecase.png  used on input line 69.
(pdftex.def)             Requested size: 16.40865pt x 11.0pt.
File: theme/uc/usecase.png Graphic file (type png)
<use theme/uc/usecase.png>
Package pdftex.def Info: theme/uc/usecase.png  used on input line 70.
(pdftex.def)             Requested size: 16.40865pt x 11.0pt.
File: theme/uc/usecase.png Graphic file (type png)
<use theme/uc/usecase.png>
Package pdftex.def Info: theme/uc/usecase.png  used on input line 71.
(pdftex.def)             Requested size: 16.40865pt x 11.0pt.
File: theme/uc/usecase.png Graphic file (type png)
<use theme/uc/usecase.png>
Package pdftex.def Info: theme/uc/usecase.png  used on input line 76.
(pdftex.def)             Requested size: 16.40865pt x 11.0pt.
File: theme/uc/usecase.png Graphic file (type png)
<use theme/uc/usecase.png>
Package pdftex.def Info: theme/uc/usecase.png  used on input line 77.
(pdftex.def)             Requested size: 16.40865pt x 11.0pt.
File: theme/headerInp.png Graphic file (type png)
<use theme/headerInp.png>
Package pdftex.def Info: theme/headerInp.png  used on input line 78.
(pdftex.def)             Requested size: 210.00035pt x 35.0pt.
File: theme/plecaAyD.png Graphic file (type png)
<use theme/plecaAyD.png>
Package pdftex.def Info: theme/plecaAyD.png  used on input line 78.
(pdftex.def)             Requested size: 614.29208pt x 88.1067pt.
 [23]))
File: theme/headerPar.png Graphic file (type png)
<use theme/headerPar.png>
Package pdftex.def Info: theme/headerPar.png  used on input line 31.
(pdftex.def)             Requested size: 210.00035pt x 35.0pt.
File: theme/plecaAyD.png Graphic file (type png)
<use theme/plecaAyD.png>
Package pdftex.def Info: theme/plecaAyD.png  used on input line 31.
(pdftex.def)             Requested size: 614.29208pt x 88.1067pt.
 [24]
\openout2 = `5ModeloDeInteraccion.aux'.

 (./5ModeloDeInteraccion.tex
Cap\'{\i }tulo 5.

Underfull \hbox (badness 10000) in paragraph at lines 9--10

 []

<images/mapa.jpg, id=582, 640.3925pt x 480.79625pt>
File: images/mapa.jpg Graphic file (type jpg)
<use images/mapa.jpg>
Package pdftex.def Info: images/mapa.jpg  used on input line 13.
(pdftex.def)             Requested size: 350.33727pt x 263.03017pt.
(./iu/iu23.tex
File: theme/uc/iu.png Graphic file (type png)
<use theme/uc/iu.png>
Package pdftex.def Info: theme/uc/iu.png  used on input line 8.
(pdftex.def)             Requested size: 11.09076pt x 10.0pt.
<images/Login.png, id=585, 354.32375pt x 252.945pt>
File: images/Login.png Graphic file (type png)
<use images/Login.png>
Package pdftex.def Info: images/Login.png  used on input line 10.
(pdftex.def)             Requested size: 250.24199pt x 178.64659pt.
File: theme/uc/iu.png Graphic file (type png)
<use theme/uc/iu.png>
Package pdftex.def Info: theme/uc/iu.png  used on input line 21.
(pdftex.def)             Requested size: 11.09076pt x 10.0pt.
File: theme/plecaAyD.png Graphic file (type png)
<use theme/plecaAyD.png>
Package pdftex.def Info: theme/plecaAyD.png  used on input line 22.
(pdftex.def)             Requested size: 614.29208pt x 88.1067pt.
 [25




]
File: theme/uc/iu.png Graphic file (type png)
<use theme/uc/iu.png>
Package pdftex.def Info: theme/uc/iu.png  used on input line 22.
(pdftex.def)             Requested size: 11.09076pt x 10.0pt.
File: theme/headerPar.png Graphic file (type png)
<use theme/headerPar.png>
Package pdftex.def Info: theme/headerPar.png  used on input line 23.
(pdftex.def)             Requested size: 210.00035pt x 35.0pt.
File: theme/plecaAyD.png Graphic file (type png)
<use theme/plecaAyD.png>
Package pdftex.def Info: theme/plecaAyD.png  used on input line 23.
(pdftex.def)             Requested size: 614.29208pt x 88.1067pt.
 [26 <./images/mapa.jpg> <./images/Login.png>]))
File: theme/headerInp.png Graphic file (type png)
<use theme/headerInp.png>
Package pdftex.def Info: theme/headerInp.png  used on input line 32.
(pdftex.def)             Requested size: 210.00035pt x 35.0pt.
File: theme/plecaAyD.png Graphic file (type png)
<use theme/plecaAyD.png>
Package pdftex.def Info: theme/plecaAyD.png  used on input line 32.
(pdftex.def)             Requested size: 614.29208pt x 88.1067pt.
 [27] (./ejemplo.aux
LaTeX Info: Redefining \. on input line 22.
LaTeX Info: Redefining \% on input line 22.
 (./projectCharter.aux) (./1introduccion.aux) (./2ModeloDelAlcance.aux) (./3ModeloDelNegocio.aux) (./4ModeloDinamico.aux) (./5ModeloDeInteraccion.aux))

LaTeX Warning: There were multiply-defined labels.

Package rerunfilecheck Info: File `ejemplo.out' has not changed.
(rerunfilecheck)             Checksum: D5E083D73B766FB15C75890D260F7B74;6717.
 ) 
Here is how much of TeX's memory you used:
 15802 strings out of 476025
 252418 string characters out of 5796532
 1918388 words of memory out of 5000000
 35694 multiletter control sequences out of 15000+600000
 570318 words of font info for 151 fonts, out of 8000000 for 9000
 1141 hyphenation exceptions out of 8191
 105i,16n,104p,588b,771s stack positions out of 5000i,500n,10000p,200000b,80000s

pdfTeX warning (dest): name{IU50} has been referenced but does not exist, replaced by a fixed one


pdfTeX warning (dest): name{UI32} has been referenced but does not exist, replaced by a fixed one


pdfTeX warning (dest): name{IU189} has been referenced but does not exist, replaced by a fixed one


pdfTeX warning (dest): name{UI88} has been referenced but does not exist, replaced by a fixed one


pdfTeX warning (dest): name{IU33} has been referenced but does not exist, replaced by a fixed one


pdfTeX warning (dest): name{IU32} has been referenced but does not exist, replaced by a fixed one


pdfTeX warning (dest): name{CU\0404.3} has been referenced but does not exist, replaced by a fixed one


pdfTeX warning (dest): name{CU3.4} has been referenced but does not exist, replaced by a fixed one


pdfTeX warning (dest): name{BR05} has been referenced but does not exist, replaced by a fixed one


pdfTeX warning (dest): name{CUCE3.3} has been referenced but does not exist, replaced by a fixed one


pdfTeX warning (dest): name{CUCE3.2} has been referenced but does not exist, replaced by a fixed one


pdfTeX warning (dest): name{Pais} has been referenced but does not exist, replaced by a fixed one


pdfTeX warning (dest): name{Curso} has been referenced but does not exist, replaced by a fixed one


pdfTeX warning (dest): name{Domicilio} has been referenced but does not exist, replaced by a fixed one

</usr/share/texmf-dist/fonts/type1/public/marvosym/marvosym.pfb></usr/share/texmf-dist/fonts/type1/public/txfonts/rtcxss.pfb></usr/share/texmf-dist/fonts/type1/public/txfonts/rtxmi.pfb></usr/share/texmf-dist/fonts/type1/public/txfonts/rtxr.pfb></usr/share/texmf-dist/fonts/type1/public/txfonts/rtxsssc.pfb></usr/share/texmf-dist/fonts/type1/public/txfonts/txex.pfb></usr/share/texmf-dist/fonts/type1/public/txfonts/txsy.pfb></usr/share/texmf-dist/fonts/type1/public/txfonts/txsya.pfb></usr/share/texmf-dist/fonts/type1/public/txfonts/txsyb.pfb></usr/share/texmf-dist/fonts/type1/public/txfonts/txsyc.pfb></usr/share/texmf-dist/fonts/type1/urw/helvetic/uhvb8a.pfb></usr/share/texmf-dist/fonts/type1/urw/helvetic/uhvr8a.pfb></usr/share/texmf-dist/fonts/type1/urw/helvetic/uhvr8a.pfb></usr/share/texmf-dist/fonts/type1/urw/times/utmr8a.pfb></usr/share/texmf-dist/fonts/type1/urw/times/utmri8a.pfb>
Output written on ejemplo.pdf (37 pages, 5235954 bytes).
PDF statistics:
 707 PDF objects out of 1000 (max. 8388607)
 591 compressed objects within 6 object streams
 174 named destinations out of 1000 (max. 500000)
 449 words of extra memory for PDF output out of 10000 (max. 10000000)

