INFO:  latexindent version 3.20.3, 2023-02-19, a script to indent .tex files
       latexindent lives here: /usr/share/texmf-dist/scripts/latexindent/
       Thu Mar 30 08:22:29 2023
       Filename: /home/joshieadalid/Documentos/Semestre 2023-02/ADS/Rediseño Tarea2/cdt-templates-master/Templates/CDT-Analysis/2ModeloDelAlcance.tex
INFO:  Processing switches:
INFO:  Directory for backup files and indent.log:
       /home/joshieadalid/Documentos/Semestre 2023-02/ADS/Rediseño Tarea2/cdt-templates-master/Templates/CDT-Analysis
INFO:  YAML settings read: defaultSettings.yaml
       Reading defaultSettings.yaml from /usr/share/texmf-dist/scripts/latexindent/defaultSettings.yaml
INFO:  YAML reading settings
       Home directory is /home/joshieadalid
       latexindent.pl didn't find indentconfig.yaml or .indentconfig.yaml
       see all possible locations: https://latexindentpl.readthedocs.io/en/latest/sec-appendices.html#indentconfig-options)
INFO:  Phase 1: searching for objects
INFO:  Phase 2: finding surrounding indentation
INFO:  Phase 3: indenting objects
INFO:  Phase 4: final indentation check
INFO:  Output routine:
       Not outputting to file; see -w and -o switches for more options.
       --------------
INFO:  Please direct all communication/issues to:
        https://github.com/cmhughes/latexindent.pl
